<?xml version="1.0" encoding="utf-8"?><testsuites name="pytest tests"><testsuite name="pytest" errors="0" failures="0" skipped="0" tests="14" time="5.362" timestamp="2026-09-22T10:46:21.730032+00:00" hostname="agent-env-96ebc90d-f60b-475c-be60-fa70b2372949"><testcase classname="tests.test_iter4_web_push_transport" name="test_vapid_persists_across_instances" time="0.002" /><testcase classname="tests.test_iter4_web_push_api.TestWebPushSubscription" name="test_subscribe_requires_auth_401" time="0.179" /><testcase classname="tests.test_iter4_web_push_transport" name="test_deliver_calls_pywebpush_with_expected_args" time="0.002" /><testcase classname="tests.test_iter4_web_push_transport" name="test_410_deletes_subscription" time="0.001" /><testcase classname="tests.test_iter4_web_push_transport" name="test_transient_failure_retries_once" time="1.003" /><testcase classname="tests.test_iter4_web_push_transport" name="test_send_does_not_raise_when_single_delivery_fails" time="0.001" /><testcase classname="tests.test_iter4_web_push_api.TestWebPushConfig" name="test_config_unauthorized_401" time="0.232" /><testcase classname="tests.test_iter4_web_push_api.TestWebPushSubscription" name="test_subscribe_requires_actor_403" time="1.398" /><testcase classname="tests.test_iter4_web_push_api.TestWebPushSubscription" name="test_subscribe_foreign_member_header_forbidden_403" time="0.337" /><testcase classname="tests.test_iter4_web_push_api.TestWebPushSubscription" name="test_invalid_endpoints_and_keys_422" time="0.734" /><testcase classname="tests.test_iter4_web_push_api.TestWebPushConfig" name="test_config_requires_member_403" time="1.180" /><testcase classname="tests.test_iter4_web_push_api.TestWebPushConfig" name="test_config_returns_only_public_key" time="0.129" /><testcase classname="tests.test_iter4_web_push_api.TestWebPushSubscription" name="test_full_device_isolation_flow" time="1.315" /><testcase classname="tests.test_iter4_web_push_api.TestWebPushSubscription" name="test_test_endpoint_auth_and_ownership_guards" time="0.672" /></testsuite></testsuites>