<?xml version="1.0" encoding="utf-8"?><testsuites name="pytest tests"><testsuite name="pytest" errors="0" failures="0" skipped="0" tests="13" time="4.135" timestamp="2026-09-22T11:28:01.704185+00:00" hostname="agent-env-96ebc90d-f60b-475c-be60-fa70b2372949"><testcase classname="tests.test_iter6_security.TestFamilyCreate" name="test_create_family_returns_active_member" time="0.657" /><testcase classname="tests.test_iter6_security.TestSecurityMemberBinding" name="test_joiner_cannot_spoof_capo_via_header" time="0.853" /><testcase classname="tests.test_iter6_security.TestFamilyCreate" name="test_pin_must_be_4_digits" time="0.111" /><testcase classname="tests.test_iter6_security.TestFamilyCreate" name="test_family_name_required" time="0.142" /><testcase classname="tests.test_iter6_security.TestSecurityMemberBinding" name="test_joiner_can_act_after_verify_pin" time="1.693" /><testcase classname="tests.test_iter6_security.TestSessionLifecycle" name="test_deactivate_blocks_mutations_but_keeps_session" time="0.654" /><testcase classname="tests.test_iter6_security.TestSessionLifecycle" name="test_revoke_session_kills_all_requests" time="0.730" /><testcase classname="tests.test_iter6_security.TestRewards" name="test_reward_crud_and_redeem_flow" time="0.781" /><testcase classname="tests.test_iter6_security.TestSecurityMemberBinding" name="test_verify_pin_empty_for_pinless_member" time="0.380" /><testcase classname="tests.test_iter6_security.TestActivitiesAndComments" name="test_full_activity_lifecycle_and_comment" time="0.727" /><testcase classname="tests.test_iter6_security.TestMembersAndCodeRotation" name="test_only_capo_can_regenerate_code" time="0.230" /><testcase classname="tests.test_iter6_security.TestPushAuth" name="test_register_push_unauth" time="0.134" /><testcase classname="tests.test_iter6_security.TestActivitiesAndComments" name="test_activity_validation" time="0.134" /></testsuite></testsuites>