<?xml version="1.0" encoding="utf-8"?><testsuites name="pytest tests"><testsuite name="pytest" errors="0" failures="0" skipped="0" tests="20" time="4.173" timestamp="2026-09-22T09:30:48.307016+00:00" hostname="agent-env-96ebc90d-f60b-475c-be60-fa70b2372949"><testcase classname="tests.test_iter2_features.TestInviteCode" name="test_create_returns_invite_code_6chars" time="0.836" /><testcase classname="tests.test_iter2_features.TestInviteCode" name="test_join_valid_code_returns_new_token_same_family" time="0.270" /><testcase classname="tests.test_iter2_features.TestInviteCode" name="test_join_invalid_code_404" time="0.112" /><testcase classname="tests.test_iter2_features.TestInviteCode" name="test_join_lowercase_code_normalized" time="0.136" /><testcase classname="tests.test_iter2_features.TestInviteCode" name="test_regenerate_code_capo" time="0.377" /><testcase classname="tests.test_iter2_features.TestInviteCode" name="test_regenerate_code_membro_forbidden" time="0.161" /><testcase classname="tests.test_iter2_features.TestActivityNotes" name="test_get_activity_404" time="0.116" /><testcase classname="tests.test_iter2_features.TestActivityNotes" name="test_create_activity_with_note" time="0.172" /><testcase classname="tests.test_iter2_features.TestActivityNotes" name="test_get_single_activity" time="0.134" /><testcase classname="tests.test_iter2_features.TestActivityNotes" name="test_capo_can_edit_note" time="0.113" /><testcase classname="tests.test_iter2_features.TestActivityNotes" name="test_membro_not_creator_forbidden_edit" time="0.114" /><testcase classname="tests.test_iter2_features.TestActivityNotes" name="test_creator_membro_can_edit_own_note" time="0.313" /><testcase classname="tests.test_iter2_features.TestComments" name="test_list_comments_empty_initial" time="0.129" /><testcase classname="tests.test_iter2_features.TestComments" name="test_post_comment_as_membro_increments_count" time="0.257" /><testcase classname="tests.test_iter2_features.TestComments" name="test_post_comment_as_capo" time="0.272" /><testcase classname="tests.test_iter2_features.TestComments" name="test_list_comments_non_empty_ordered" time="0.109" /><testcase classname="tests.test_iter2_features.TestComments" name="test_empty_text_comment_rejected" time="0.112" /><testcase classname="tests.test_iter2_features.TestComments" name="test_comments_on_missing_activity_404" time="0.131" /><testcase classname="tests.test_iter2_features.TestRegisterPush" name="test_register_push_placeholder_returns_skipped" time="0.117" /><testcase classname="tests.test_iter2_features.TestRegisterPush" name="test_register_push_does_not_crash_with_bad_shape" time="0.110" /></testsuite></testsuites>