<?xml version="1.0" encoding="utf-8"?><testsuites name="pytest tests"><testsuite name="pytest" errors="0" failures="0" skipped="0" tests="20" time="3.072" timestamp="2026-09-22T10:01:26.711327+00:00" hostname="agent-env-96ebc90d-f60b-475c-be60-fa70b2372949"><testcase classname="tests.test_iter3_features.TestRewards" name="test_list_rewards_empty" time="0.996" /><testcase classname="tests.test_iter3_features.TestRegressions" name="test_presets_10" time="1.050" /><testcase classname="tests.test_iter3_features.TestRewards" name="test_create_reward_capo" time="0.119" /><testcase classname="tests.test_iter3_features.TestRegressions" name="test_leaderboard" time="0.146" /><testcase classname="tests.test_iter3_features.TestRewards" name="test_create_reward_membro_403" time="0.140" /><testcase classname="tests.test_iter3_features.TestRegressions" name="test_register_push_placeholder" time="0.180" /><testcase classname="tests.test_iter3_features.TestRewards" name="test_update_reward_membro_403" time="0.132" /><testcase classname="tests.test_iter3_features.TestRegressions" name="test_invite_code_present" time="0.113" /><testcase classname="tests.test_iter3_features.TestRewards" name="test_update_reward_capo" time="0.141" /><testcase classname="tests.test_iter3_features.TestImpegno" name="test_membro_creates_impegno_with_end_time" time="0.121" /><testcase classname="tests.test_iter3_features.TestRewards" name="test_redeem_insufficient_points" time="0.155" /><testcase classname="tests.test_iter3_features.TestImpegno" name="test_membro_cannot_create_compito" time="0.126" /><testcase classname="tests.test_iter3_features.TestRewards" name="test_redeem_invalid_reward_404" time="0.123" /><testcase classname="tests.test_iter3_features.TestImpegno" name="test_membro_cannot_impegno_for_other" time="0.109" /><testcase classname="tests.test_iter3_features.TestRewards" name="test_earn_and_redeem" time="0.408" /><testcase classname="tests.test_iter3_features.TestRecurring" name="test_create_with_dates_array" time="0.287" /><testcase classname="tests.test_iter3_features.TestRecurring" name="test_single_date_no_dates_array" time="0.139" /><testcase classname="tests.test_iter3_features.TestRewards" name="test_redemptions_history" time="0.143" /><testcase classname="tests.test_iter3_features.TestRewards" name="test_delete_reward_membro_403" time="0.125" /><testcase classname="tests.test_iter3_features.TestRewards" name="test_delete_reward_capo" time="0.264" /></testsuite></testsuites>