<?xml version="1.0" encoding="utf-8"?><testsuites name="pytest tests"><testsuite name="pytest" errors="0" failures="0" skipped="0" tests="26" time="5.182" timestamp="2026-09-22T07:58:30.619448+00:00" hostname="agent-env-96ebc90d-f60b-475c-be60-fa70b2372949"><testcase classname="tests.backend_test.TestAuthFamily" name="test_create_family_returns_token_and_capo" time="0.395" /><testcase classname="tests.backend_test.TestAuthFamily" name="test_auth_me" time="0.110" /><testcase classname="tests.backend_test.TestAuthFamily" name="test_get_family" time="0.168" /><testcase classname="tests.backend_test.TestAuthFamily" name="test_auth_me_no_token" time="0.129" /><testcase classname="tests.backend_test.TestAuthFamily" name="test_auth_me_bad_token" time="0.127" /><testcase classname="tests.backend_test.TestMembers" name="test_capo_adds_member" time="0.347" /><testcase classname="tests.backend_test.TestMembers" name="test_membro_cannot_add_member" time="0.134" /><testcase classname="tests.backend_test.TestMembers" name="test_verify_pin_correct" time="0.360" /><testcase classname="tests.backend_test.TestMembers" name="test_verify_pin_wrong" time="0.332" /><testcase classname="tests.backend_test.TestMembers" name="test_update_member_self" time="0.237" /><testcase classname="tests.backend_test.TestMembers" name="test_member_cannot_edit_other" time="0.274" /><testcase classname="tests.backend_test.TestMembers" name="test_cannot_delete_capo" time="0.119" /><testcase classname="tests.backend_test.TestMembers" name="test_membro_cannot_delete" time="0.138" /><testcase classname="tests.backend_test.TestMembers" name="test_capo_soft_deletes_member" time="0.267" /><testcase classname="tests.backend_test.TestActivities" name="test_capo_creates_compito" time="0.129" /><testcase classname="tests.backend_test.TestActivities" name="test_membro_forbidden_compito" time="0.183" /><testcase classname="tests.backend_test.TestActivities" name="test_membro_can_create_impegno_for_self" time="0.125" /><testcase classname="tests.backend_test.TestActivities" name="test_membro_cannot_create_impegno_for_other" time="0.112" /><testcase classname="tests.backend_test.TestActivities" name="test_complete_awards_points" time="0.276" /><testcase classname="tests.backend_test.TestActivities" name="test_uncomplete_removes_points" time="0.277" /><testcase classname="tests.backend_test.TestActivities" name="test_list_activities_range" time="0.116" /><testcase classname="tests.backend_test.TestActivities" name="test_update_activity_capo" time="0.144" /><testcase classname="tests.backend_test.TestActivities" name="test_membro_cannot_update_others_activity" time="0.111" /><testcase classname="tests.backend_test.TestActivities" name="test_delete_activity_capo" time="0.253" /><testcase classname="tests.backend_test.TestLeaderboardPresets" name="test_leaderboard_sorted" time="0.132" /><testcase classname="tests.backend_test.TestLeaderboardPresets" name="test_presets_10" time="0.130" /></testsuite></testsuites>